<?xml version="1.0" encoding="UTF-8"?>
<testng-results skipped="0" failed="0" total="1" passed="1">
  <reporter-output>
  </reporter-output>
  <suite name="Command line suite" duration-ms="961" started-at="2017-06-20T22:16:44Z" finished-at="2017-06-20T22:16:45Z">
    <groups>
    </groups>
    <test name="Command line test" duration-ms="961" started-at="2017-06-20T22:16:44Z" finished-at="2017-06-20T22:16:45Z">
      <class name="com.webservice.customer.test.TestCustomerWS_Testng">
        <test-method status="PASS" signature="testWithValidData()[pri:0, instance:com.webservice.customer.test.TestCustomerWS_Testng@edf4efb]" name="testWithValidData" duration-ms="950" started-at="2017-06-20T15:16:44Z" finished-at="2017-06-20T15:16:45Z">
          <reporter-output>
          </reporter-output>
        </test-method> <!-- testWithValidData -->
      </class> <!-- com.webservice.customer.test.TestCustomerWS_Testng -->
    </test> <!-- Command line test -->
  </suite> <!-- Command line suite -->
</testng-results>
